app/build/intermediates/manifest_merge_blame_file/debug/manifest-merger-blame-debug-report.txt
1<?xml version="1.0" encoding="utf-8"?>
2<manifest xmlns:android="http://schemas.android.com/apk/res/android"
3    package="com.campus.fitintent.debug"
4    android:versionCode="1"
5    android:versionName="1.0.0-DEBUG" >
6
7    <uses-sdk
8        android:minSdkVersion="24"
9        android:targetSdkVersion="34" />
10
11    <!-- Permissions -->
12    <uses-permission android:name="android.permission.INTERNET" />
<<<<<<< HEAD
12-->src\main\AndroidManifest.xml:6:5-67
12-->src\main\AndroidManifest.xml:6:22-64
13    <uses-permission android:name="android.permission.VIBRATE" />
13-->src\main\AndroidManifest.xml:7:5-66
13-->src\main\AndroidManifest.xml:7:22-63
14    <uses-permission android:name="android.permission.POST_NOTIFICATIONS" />
14-->src\main\AndroidManifest.xml:8:5-77
14-->src\main\AndroidManifest.xml:8:22-74
15    <uses-permission android:name="android.permission.SCHEDULE_EXACT_ALARM" />
15-->src\main\AndroidManifest.xml:9:5-79
15-->src\main\AndroidManifest.xml:9:22-76
16    <uses-permission android:name="android.permission.USE_FULL_SCREEN_INTENT" />
16-->src\main\AndroidManifest.xml:10:5-81
16-->src\main\AndroidManifest.xml:10:22-78
17
18    <permission
18-->[androidx.core:core:1.12.0] AndroidManifest.xml:22:5-24:47
19        android:name="com.campus.fitintent.debug.DYNAMIC_RECEIVER_NOT_EXPORTED_PERMISSION"
19-->[androidx.core:core:1.12.0] AndroidManifest.xml:23:9-81
20        android:protectionLevel="signature" />
20-->[androidx.core:core:1.12.0] AndroidManifest.xml:24:9-44
21
22    <uses-permission android:name="com.campus.fitintent.debug.DYNAMIC_RECEIVER_NOT_EXPORTED_PERMISSION" />
22-->[androidx.core:core:1.12.0] AndroidManifest.xml:26:5-97
22-->[androidx.core:core:1.12.0] AndroidManifest.xml:26:22-94
23
24    <application
24-->src\main\AndroidManifest.xml:12:5-87:19
25        android:name="com.campus.fitintent.FitIntentApplication"
25-->src\main\AndroidManifest.xml:13:9-45
26        android:allowBackup="true"
26-->src\main\AndroidManifest.xml:14:9-35
27        android:appComponentFactory="androidx.core.app.CoreComponentFactory"
27-->[androidx.core:core:1.12.0] AndroidManifest.xml:28:18-86
28        android:dataExtractionRules="@xml/data_extraction_rules"
28-->src\main\AndroidManifest.xml:15:9-65
29        android:debuggable="true"
30        android:extractNativeLibs="false"
31        android:fullBackupContent="@xml/backup_rules"
31-->src\main\AndroidManifest.xml:16:9-54
32        android:icon="@mipmap/ic_launcher"
32-->src\main\AndroidManifest.xml:17:9-43
33        android:label="@string/app_name"
33-->src\main\AndroidManifest.xml:18:9-41
34        android:roundIcon="@mipmap/ic_launcher_round"
34-->src\main\AndroidManifest.xml:19:9-54
35        android:supportsRtl="true"
35-->src\main\AndroidManifest.xml:20:9-35
36        android:testOnly="true"
37        android:theme="@style/Theme.FitIntent" >
37-->src\main\AndroidManifest.xml:21:9-47
38
39        <!-- Splash Screen Activity -->
40        <activity
40-->src\main\AndroidManifest.xml:25:9-34:20
41            android:name="com.campus.fitintent.activities.SplashActivity"
41-->src\main\AndroidManifest.xml:26:13-54
42            android:exported="true"
42-->src\main\AndroidManifest.xml:27:13-36
43            android:screenOrientation="portrait"
43-->src\main\AndroidManifest.xml:28:13-49
44            android:theme="@style/Theme.FitIntent.Splash" >
44-->src\main\AndroidManifest.xml:29:13-58
45            <intent-filter>
45-->src\main\AndroidManifest.xml:30:13-33:29
46                <action android:name="android.intent.action.MAIN" />
46-->src\main\AndroidManifest.xml:31:17-69
46-->src\main\AndroidManifest.xml:31:25-66
47
48                <category android:name="android.intent.category.LAUNCHER" />
48-->src\main\AndroidManifest.xml:32:17-77
48-->src\main\AndroidManifest.xml:32:27-74
49            </intent-filter>
50        </activity>
51
52        <!-- Welcome Activity -->
53        <activity
53-->src\main\AndroidManifest.xml:37:9-41:66
54            android:name="com.campus.fitintent.activities.WelcomeActivity"
54-->src\main\AndroidManifest.xml:38:13-55
55            android:exported="false"
55-->src\main\AndroidManifest.xml:39:13-37
56            android:screenOrientation="portrait"
56-->src\main\AndroidManifest.xml:40:13-49
57            android:theme="@style/Theme.FitIntent.NoActionBar" />
57-->src\main\AndroidManifest.xml:41:13-63
58
59        <!-- Authentication Activity -->
60        <activity
60-->src\main\AndroidManifest.xml:44:9-48:58
61            android:name="com.campus.fitintent.activities.AuthActivity"
61-->src\main\AndroidManifest.xml:45:13-52
62            android:exported="false"
62-->src\main\AndroidManifest.xml:46:13-37
63            android:screenOrientation="portrait"
63-->src\main\AndroidManifest.xml:47:13-49
64            android:windowSoftInputMode="adjustResize" />
64-->src\main\AndroidManifest.xml:48:13-55
65
66        <!-- Onboarding Activity -->
67        <activity
67-->src\main\AndroidManifest.xml:51:9-54:52
68            android:name="com.campus.fitintent.activities.OnboardingActivity"
68-->src\main\AndroidManifest.xml:52:13-58
69            android:exported="false"
69-->src\main\AndroidManifest.xml:53:13-37
70            android:screenOrientation="portrait" />
70-->src\main\AndroidManifest.xml:54:13-49
71
72        <!-- Main Activity -->
73        <activity
73-->src\main\AndroidManifest.xml:57:9-61:55
74            android:name="com.campus.fitintent.activities.MainActivity"
74-->src\main\AndroidManifest.xml:58:13-52
75            android:exported="false"
75-->src\main\AndroidManifest.xml:59:13-37
76            android:screenOrientation="portrait"
76-->src\main\AndroidManifest.xml:60:13-49
77            android:windowSoftInputMode="adjustPan" />
77-->src\main\AndroidManifest.xml:61:13-52
78
79        <!-- Workout Detail Activity -->
80        <activity
80-->src\main\AndroidManifest.xml:64:9-67:52
81            android:name="com.campus.fitintent.activities.WorkoutDetailActivity"
81-->src\main\AndroidManifest.xml:65:13-61
82            android:exported="false"
82-->src\main\AndroidManifest.xml:66:13-37
83            android:screenOrientation="portrait" />
83-->src\main\AndroidManifest.xml:67:13-49
84
85        <!-- Workout Timer Activity -->
86        <activity
86-->src\main\AndroidManifest.xml:70:9-73:52
87            android:name="com.campus.fitintent.activities.WorkoutTimerActivity"
87-->src\main\AndroidManifest.xml:71:13-60
88            android:exported="false"
88-->src\main\AndroidManifest.xml:72:13-37
89            android:screenOrientation="portrait" />
89-->src\main\AndroidManifest.xml:73:13-49
90
91        <!-- Notification Receiver -->
92        <receiver
92-->src\main\AndroidManifest.xml:76:9-79:40
93            android:name="com.campus.fitintent.utils.NotificationReceiver"
93-->src\main\AndroidManifest.xml:77:13-55
94            android:enabled="true"
94-->src\main\AndroidManifest.xml:78:13-35
95            android:exported="false" />
95-->src\main\AndroidManifest.xml:79:13-37
96
97        <!-- Habit Reminder Receiver -->
98        <receiver
98-->src\main\AndroidManifest.xml:82:9-85:40
99            android:name="com.campus.fitintent.utils.HabitReminderReceiver"
99-->src\main\AndroidManifest.xml:83:13-56
100            android:enabled="true"
100-->src\main\AndroidManifest.xml:84:13-35
101            android:exported="false" />
101-->src\main\AndroidManifest.xml:85:13-37
102
103        <provider
103-->[androidx.emoji2:emoji2:1.2.0] AndroidManifest.xml:24:9-32:20
104            android:name="androidx.startup.InitializationProvider"
104-->[androidx.emoji2:emoji2:1.2.0] AndroidManifest.xml:25:13-67
105            android:authorities="com.campus.fitintent.debug.androidx-startup"
105-->[androidx.emoji2:emoji2:1.2.0] AndroidManifest.xml:26:13-68
106            android:exported="false" >
106-->[androidx.emoji2:emoji2:1.2.0] AndroidManifest.xml:27:13-37
107            <meta-data
107-->[androidx.emoji2:emoji2:1.2.0] AndroidManifest.xml:29:13-31:52
108                android:name="androidx.emoji2.text.EmojiCompatInitializer"
108-->[androidx.emoji2:emoji2:1.2.0] AndroidManifest.xml:30:17-75
109                android:value="androidx.startup" />
109-->[androidx.emoji2:emoji2:1.2.0] AndroidManifest.xml:31:17-49
110            <meta-data
110-->[androidx.lifecycle:lifecycle-process:2.7.0] AndroidManifest.xml:29:13-31:52
111                android:name="androidx.lifecycle.ProcessLifecycleInitializer"
111-->[androidx.lifecycle:lifecycle-process:2.7.0] AndroidManifest.xml:30:17-78
112                android:value="androidx.startup" />
112-->[androidx.lifecycle:lifecycle-process:2.7.0] AndroidManifest.xml:31:17-49
113            <meta-data
113-->[androidx.profileinstaller:profileinstaller:1.3.0] AndroidManifest.xml:29:13-31:52
114                android:name="androidx.profileinstaller.ProfileInstallerInitializer"
114-->[androidx.profileinstaller:profileinstaller:1.3.0] AndroidManifest.xml:30:17-85
115                android:value="androidx.startup" />
115-->[androidx.profileinstaller:profileinstaller:1.3.0] AndroidManifest.xml:31:17-49
116        </provider>
117
118        <uses-library
118-->[androidx.window:window:1.0.0] AndroidManifest.xml:25:9-27:40
119            android:name="androidx.window.extensions"
119-->[androidx.window:window:1.0.0] AndroidManifest.xml:26:13-54
120            android:required="false" />
120-->[androidx.window:window:1.0.0] AndroidManifest.xml:27:13-37
121        <uses-library
121-->[androidx.window:window:1.0.0] AndroidManifest.xml:28:9-30:40
122            android:name="androidx.window.sidecar"
122-->[androidx.window:window:1.0.0] AndroidManifest.xml:29:13-51
123            android:required="false" />
123-->[androidx.window:window:1.0.0] AndroidManifest.xml:30:13-37
124
125        <service
125-->[androidx.room:room-runtime:2.6.1] AndroidManifest.xml:24:9-28:63
126            android:name="androidx.room.MultiInstanceInvalidationService"
126-->[androidx.room:room-runtime:2.6.1] AndroidManifest.xml:25:13-74
127            android:directBootAware="true"
127-->[androidx.room:room-runtime:2.6.1] AndroidManifest.xml:26:13-43
128            android:exported="false" />
128-->[androidx.room:room-runtime:2.6.1] AndroidManifest.xml:27:13-37
129
130        <receiver
130-->[androidx.profileinstaller:profileinstaller:1.3.0] AndroidManifest.xml:34:9-52:20
131            android:name="androidx.profileinstaller.ProfileInstallReceiver"
131-->[androidx.profileinstaller:profileinstaller:1.3.0] AndroidManifest.xml:35:13-76
132            android:directBootAware="false"
132-->[androidx.profileinstaller:profileinstaller:1.3.0] AndroidManifest.xml:36:13-44
133            android:enabled="true"
133-->[androidx.profileinstaller:profileinstaller:1.3.0] AndroidManifest.xml:37:13-35
134            android:exported="true"
134-->[androidx.profileinstaller:profileinstaller:1.3.0] AndroidManifest.xml:38:13-36
135            android:permission="android.permission.DUMP" >
135-->[androidx.profileinstaller:profileinstaller:1.3.0] AndroidManifest.xml:39:13-57
136            <intent-filter>
136-->[androidx.profileinstaller:profileinstaller:1.3.0] AndroidManifest.xml:40:13-42:29
137                <action android:name="androidx.profileinstaller.action.INSTALL_PROFILE" />
137-->[androidx.profileinstaller:profileinstaller:1.3.0] AndroidManifest.xml:41:17-91
137-->[androidx.profileinstaller:profileinstaller:1.3.0] AndroidManifest.xml:41:25-88
138            </intent-filter>
139            <intent-filter>
139-->[androidx.profileinstaller:profileinstaller:1.3.0] AndroidManifest.xml:43:13-45:29
140                <action android:name="androidx.profileinstaller.action.SKIP_FILE" />
140-->[androidx.profileinstaller:profileinstaller:1.3.0] AndroidManifest.xml:44:17-85
140-->[androidx.profileinstaller:profileinstaller:1.3.0] AndroidManifest.xml:44:25-82
141            </intent-filter>
142            <intent-filter>
142-->[androidx.profileinstaller:profileinstaller:1.3.0] AndroidManifest.xml:46:13-48:29
143                <action android:name="androidx.profileinstaller.action.SAVE_PROFILE" />
143-->[androidx.profileinstaller:profileinstaller:1.3.0] AndroidManifest.xml:47:17-88
143-->[androidx.profileinstaller:profileinstaller:1.3.0] AndroidManifest.xml:47:25-85
144            </intent-filter>
145            <intent-filter>
145-->[androidx.profileinstaller:profileinstaller:1.3.0] AndroidManifest.xml:49:13-51:29
146                <action android:name="androidx.profileinstaller.action.BENCHMARK_OPERATION" />
146-->[androidx.profileinstaller:profileinstaller:1.3.0] AndroidManifest.xml:50:17-95
146-->[androidx.profileinstaller:profileinstaller:1.3.0] AndroidManifest.xml:50:25-92
147            </intent-filter>
148        </receiver>
149    </application>
150
151</manifest>
=======
12-->src\main\AndroidManifest.xml:6:5-67
12-->src\main\AndroidManifest.xml:6:22-64
13    <uses-permission android:name="android.permission.VIBRATE" />
13-->src\main\AndroidManifest.xml:7:5-66
13-->src\main\AndroidManifest.xml:7:22-63
14    <uses-permission android:name="android.permission.POST_NOTIFICATIONS" />
14-->src\main\AndroidManifest.xml:8:5-77
14-->src\main\AndroidManifest.xml:8:22-74
15    <uses-permission android:name="android.permission.SCHEDULE_EXACT_ALARM" />
15-->src\main\AndroidManifest.xml:9:5-79
15-->src\main\AndroidManifest.xml:9:22-76
16    <uses-permission android:name="android.permission.USE_FULL_SCREEN_INTENT" />
16-->src\main\AndroidManifest.xml:10:5-81
16-->src\main\AndroidManifest.xml:10:22-78
17
18    <permission
18-->[androidx.core:core:1.12.0] AndroidManifest.xml:22:5-24:47
19        android:name="com.campus.fitintent.debug.DYNAMIC_RECEIVER_NOT_EXPORTED_PERMISSION"
19-->[androidx.core:core:1.12.0] AndroidManifest.xml:23:9-81
20        android:protectionLevel="signature" />
20-->[androidx.core:core:1.12.0] AndroidManifest.xml:24:9-44
21
22    <uses-permission android:name="com.campus.fitintent.debug.DYNAMIC_RECEIVER_NOT_EXPORTED_PERMISSION" />
22-->[androidx.core:core:1.12.0] AndroidManifest.xml:26:5-97
22-->[androidx.core:core:1.12.0] AndroidManifest.xml:26:22-94
23
24    <application
24-->src\main\AndroidManifest.xml:12:5-106:19
25        android:name="com.campus.fitintent.FitIntentApplication"
25-->src\main\AndroidManifest.xml:13:9-45
26        android:allowBackup="true"
26-->src\main\AndroidManifest.xml:14:9-35
27        android:appComponentFactory="androidx.core.app.CoreComponentFactory"
27-->[androidx.core:core:1.12.0] AndroidManifest.xml:28:18-86
28        android:dataExtractionRules="@xml/data_extraction_rules"
28-->src\main\AndroidManifest.xml:15:9-65
29        android:debuggable="true"
30        android:extractNativeLibs="false"
31        android:fullBackupContent="@xml/backup_rules"
31-->src\main\AndroidManifest.xml:16:9-54
32        android:icon="@mipmap/ic_launcher"
32-->src\main\AndroidManifest.xml:17:9-43
33        android:label="@string/app_name"
33-->src\main\AndroidManifest.xml:18:9-41
34        android:roundIcon="@mipmap/ic_launcher_round"
34-->src\main\AndroidManifest.xml:19:9-54
35        android:supportsRtl="true"
35-->src\main\AndroidManifest.xml:20:9-35
36        android:theme="@style/Theme.FitIntent" >
36-->src\main\AndroidManifest.xml:21:9-47
37
38        <!-- Splash Screen Activity -->
39        <activity
39-->src\main\AndroidManifest.xml:25:9-34:20
40            android:name="com.campus.fitintent.activities.SplashActivity"
40-->src\main\AndroidManifest.xml:26:13-54
41            android:exported="true"
41-->src\main\AndroidManifest.xml:27:13-36
42            android:screenOrientation="portrait"
42-->src\main\AndroidManifest.xml:28:13-49
43            android:theme="@style/Theme.FitIntent.Splash" >
43-->src\main\AndroidManifest.xml:29:13-58
44            <intent-filter>
44-->src\main\AndroidManifest.xml:30:13-33:29
45                <action android:name="android.intent.action.MAIN" />
45-->src\main\AndroidManifest.xml:31:17-69
45-->src\main\AndroidManifest.xml:31:25-66
46
47                <category android:name="android.intent.category.LAUNCHER" />
47-->src\main\AndroidManifest.xml:32:17-77
47-->src\main\AndroidManifest.xml:32:27-74
48            </intent-filter>
49        </activity>
50
51        <!-- Welcome Activity -->
52        <activity
52-->src\main\AndroidManifest.xml:37:9-41:66
53            android:name="com.campus.fitintent.activities.WelcomeActivity"
53-->src\main\AndroidManifest.xml:38:13-55
54            android:exported="false"
54-->src\main\AndroidManifest.xml:39:13-37
55            android:screenOrientation="portrait"
55-->src\main\AndroidManifest.xml:40:13-49
56            android:theme="@style/Theme.FitIntent.NoActionBar" />
56-->src\main\AndroidManifest.xml:41:13-63
57
58        <!-- Authentication Activity -->
59        <activity
59-->src\main\AndroidManifest.xml:44:9-48:58
60            android:name="com.campus.fitintent.activities.AuthActivity"
60-->src\main\AndroidManifest.xml:45:13-52
61            android:exported="false"
61-->src\main\AndroidManifest.xml:46:13-37
62            android:screenOrientation="portrait"
62-->src\main\AndroidManifest.xml:47:13-49
63            android:windowSoftInputMode="adjustResize" />
63-->src\main\AndroidManifest.xml:48:13-55
64
65        <!-- Onboarding Activity -->
66        <activity
66-->src\main\AndroidManifest.xml:51:9-54:52
67            android:name="com.campus.fitintent.activities.OnboardingActivity"
67-->src\main\AndroidManifest.xml:52:13-58
68            android:exported="false"
68-->src\main\AndroidManifest.xml:53:13-37
69            android:screenOrientation="portrait" />
69-->src\main\AndroidManifest.xml:54:13-49
70
71        <!-- Main Activity -->
72        <activity
72-->src\main\AndroidManifest.xml:57:9-61:55
73            android:name="com.campus.fitintent.activities.MainActivity"
73-->src\main\AndroidManifest.xml:58:13-52
74            android:exported="false"
74-->src\main\AndroidManifest.xml:59:13-37
75            android:screenOrientation="portrait"
75-->src\main\AndroidManifest.xml:60:13-49
76            android:windowSoftInputMode="adjustPan" />
76-->src\main\AndroidManifest.xml:61:13-52
77
78        <!-- Workout Detail Activity -->
79        <activity
79-->src\main\AndroidManifest.xml:64:9-67:52
80            android:name="com.campus.fitintent.activities.WorkoutDetailActivity"
80-->src\main\AndroidManifest.xml:65:13-61
81            android:exported="false"
81-->src\main\AndroidManifest.xml:66:13-37
82            android:screenOrientation="portrait" />
82-->src\main\AndroidManifest.xml:67:13-49
83
84        <!-- Workout Timer Activity -->
85        <activity
85-->src\main\AndroidManifest.xml:70:9-73:52
86            android:name="com.campus.fitintent.activities.WorkoutTimerActivity"
86-->src\main\AndroidManifest.xml:71:13-60
87            android:exported="false"
87-->src\main\AndroidManifest.xml:72:13-37
88            android:screenOrientation="portrait" />
88-->src\main\AndroidManifest.xml:73:13-49
89
90        <!-- Edit Profile Activity -->
91        <activity
91-->src\main\AndroidManifest.xml:76:9-80:58
92            android:name="com.campus.fitintent.activities.EditProfileActivity"
92-->src\main\AndroidManifest.xml:77:13-59
93            android:exported="false"
93-->src\main\AndroidManifest.xml:78:13-37
94            android:screenOrientation="portrait"
94-->src\main\AndroidManifest.xml:79:13-49
95            android:windowSoftInputMode="adjustResize" />
95-->src\main\AndroidManifest.xml:80:13-55
96
97        <!-- Notification Settings Activity -->
98        <activity
98-->src\main\AndroidManifest.xml:83:9-86:52
99            android:name="com.campus.fitintent.activities.NotificationSettingsActivity"
99-->src\main\AndroidManifest.xml:84:13-68
100            android:exported="false"
100-->src\main\AndroidManifest.xml:85:13-37
101            android:screenOrientation="portrait" />
101-->src\main\AndroidManifest.xml:86:13-49
102
103        <!-- Onboarding Quiz Activity -->
104        <activity
104-->src\main\AndroidManifest.xml:89:9-92:52
105            android:name="com.campus.fitintent.activities.OnboardingQuizActivity"
105-->src\main\AndroidManifest.xml:90:13-62
106            android:exported="false"
106-->src\main\AndroidManifest.xml:91:13-37
107            android:screenOrientation="portrait" />
107-->src\main\AndroidManifest.xml:92:13-49
108
109        <!-- Notification Receiver -->
110        <receiver
110-->src\main\AndroidManifest.xml:95:9-98:40
111            android:name="com.campus.fitintent.utils.NotificationReceiver"
111-->src\main\AndroidManifest.xml:96:13-55
112            android:enabled="true"
112-->src\main\AndroidManifest.xml:97:13-35
113            android:exported="false" />
113-->src\main\AndroidManifest.xml:98:13-37
114
115        <!-- Habit Reminder Receiver -->
116        <receiver
116-->src\main\AndroidManifest.xml:101:9-104:40
117            android:name="com.campus.fitintent.utils.HabitReminderReceiver"
117-->src\main\AndroidManifest.xml:102:13-56
118            android:enabled="true"
118-->src\main\AndroidManifest.xml:103:13-35
119            android:exported="false" />
119-->src\main\AndroidManifest.xml:104:13-37
120
121        <provider
121-->[androidx.emoji2:emoji2:1.2.0] AndroidManifest.xml:24:9-32:20
122            android:name="androidx.startup.InitializationProvider"
122-->[androidx.emoji2:emoji2:1.2.0] AndroidManifest.xml:25:13-67
123            android:authorities="com.campus.fitintent.debug.androidx-startup"
123-->[androidx.emoji2:emoji2:1.2.0] AndroidManifest.xml:26:13-68
124            android:exported="false" >
124-->[androidx.emoji2:emoji2:1.2.0] AndroidManifest.xml:27:13-37
125            <meta-data
125-->[androidx.emoji2:emoji2:1.2.0] AndroidManifest.xml:29:13-31:52
126                android:name="androidx.emoji2.text.EmojiCompatInitializer"
126-->[androidx.emoji2:emoji2:1.2.0] AndroidManifest.xml:30:17-75
127                android:value="androidx.startup" />
127-->[androidx.emoji2:emoji2:1.2.0] AndroidManifest.xml:31:17-49
128            <meta-data
128-->[androidx.lifecycle:lifecycle-process:2.7.0] AndroidManifest.xml:29:13-31:52
129                android:name="androidx.lifecycle.ProcessLifecycleInitializer"
129-->[androidx.lifecycle:lifecycle-process:2.7.0] AndroidManifest.xml:30:17-78
130                android:value="androidx.startup" />
130-->[androidx.lifecycle:lifecycle-process:2.7.0] AndroidManifest.xml:31:17-49
131            <meta-data
131-->[androidx.profileinstaller:profileinstaller:1.3.0] AndroidManifest.xml:29:13-31:52
132                android:name="androidx.profileinstaller.ProfileInstallerInitializer"
132-->[androidx.profileinstaller:profileinstaller:1.3.0] AndroidManifest.xml:30:17-85
133                android:value="androidx.startup" />
133-->[androidx.profileinstaller:profileinstaller:1.3.0] AndroidManifest.xml:31:17-49
134        </provider>
135
136        <uses-library
136-->[androidx.window:window:1.0.0] AndroidManifest.xml:25:9-27:40
137            android:name="androidx.window.extensions"
137-->[androidx.window:window:1.0.0] AndroidManifest.xml:26:13-54
138            android:required="false" />
138-->[androidx.window:window:1.0.0] AndroidManifest.xml:27:13-37
139        <uses-library
139-->[androidx.window:window:1.0.0] AndroidManifest.xml:28:9-30:40
140            android:name="androidx.window.sidecar"
140-->[androidx.window:window:1.0.0] AndroidManifest.xml:29:13-51
141            android:required="false" />
141-->[androidx.window:window:1.0.0] AndroidManifest.xml:30:13-37
142
143        <service
143-->[androidx.room:room-runtime:2.6.1] AndroidManifest.xml:24:9-28:63
144            android:name="androidx.room.MultiInstanceInvalidationService"
144-->[androidx.room:room-runtime:2.6.1] AndroidManifest.xml:25:13-74
145            android:directBootAware="true"
145-->[androidx.room:room-runtime:2.6.1] AndroidManifest.xml:26:13-43
146            android:exported="false" />
146-->[androidx.room:room-runtime:2.6.1] AndroidManifest.xml:27:13-37
147
148        <receiver
148-->[androidx.profileinstaller:profileinstaller:1.3.0] AndroidManifest.xml:34:9-52:20
149            android:name="androidx.profileinstaller.ProfileInstallReceiver"
149-->[androidx.profileinstaller:profileinstaller:1.3.0] AndroidManifest.xml:35:13-76
150            android:directBootAware="false"
150-->[androidx.profileinstaller:profileinstaller:1.3.0] AndroidManifest.xml:36:13-44
151            android:enabled="true"
151-->[androidx.profileinstaller:profileinstaller:1.3.0] AndroidManifest.xml:37:13-35
152            android:exported="true"
152-->[androidx.profileinstaller:profileinstaller:1.3.0] AndroidManifest.xml:38:13-36
153            android:permission="android.permission.DUMP" >
153-->[androidx.profileinstaller:profileinstaller:1.3.0] AndroidManifest.xml:39:13-57
154            <intent-filter>
154-->[androidx.profileinstaller:profileinstaller:1.3.0] AndroidManifest.xml:40:13-42:29
155                <action android:name="androidx.profileinstaller.action.INSTALL_PROFILE" />
155-->[androidx.profileinstaller:profileinstaller:1.3.0] AndroidManifest.xml:41:17-91
155-->[androidx.profileinstaller:profileinstaller:1.3.0] AndroidManifest.xml:41:25-88
156            </intent-filter>
157            <intent-filter>
157-->[androidx.profileinstaller:profileinstaller:1.3.0] AndroidManifest.xml:43:13-45:29
158                <action android:name="androidx.profileinstaller.action.SKIP_FILE" />
158-->[androidx.profileinstaller:profileinstaller:1.3.0] AndroidManifest.xml:44:17-85
158-->[androidx.profileinstaller:profileinstaller:1.3.0] AndroidManifest.xml:44:25-82
159            </intent-filter>
160            <intent-filter>
160-->[androidx.profileinstaller:profileinstaller:1.3.0] AndroidManifest.xml:46:13-48:29
161                <action android:name="androidx.profileinstaller.action.SAVE_PROFILE" />
161-->[androidx.profileinstaller:profileinstaller:1.3.0] AndroidManifest.xml:47:17-88
161-->[androidx.profileinstaller:profileinstaller:1.3.0] AndroidManifest.xml:47:25-85
162            </intent-filter>
163            <intent-filter>
163-->[androidx.profileinstaller:profileinstaller:1.3.0] AndroidManifest.xml:49:13-51:29
164                <action android:name="androidx.profileinstaller.action.BENCHMARK_OPERATION" />
164-->[androidx.profileinstaller:profileinstaller:1.3.0] AndroidManifest.xml:50:17-95
164-->[androidx.profileinstaller:profileinstaller:1.3.0] AndroidManifest.xml:50:25-92
165            </intent-filter>
166        </receiver>
167    </application>
168
169</manifest>
>>>>>>> 818ab1f (Updated)